<?xml version="1.0" encoding="UTF-8"?>
<!-- Generated by org.testng.reporters.JUnitXMLReporter -->
<testsuite hostname="Abdelrahman" ignored="4" name="Regression test" tests="5" failures="0" timestamp="2021-03-17T00:09:27 EET" time="31.233" errors="0">
  <testcase name="userLoginWithInvalidMail" time="7.277" classname="Tests.loginTest"/>
  <testcase name="userLoginWithInvalidPassword" time="5.833" classname="Tests.loginTest"/>
  <testcase name="userLoginSuccessfully" time="4.151" classname="Tests.loginTest"/>
  <testcase name="userPostTweet" time="6.562" classname="Tests.postTweetTest"/>
  <testcase name="userLogout" time="7.265" classname="Tests.logoutTest"/>
  <testcase name="@AfterSuite stopDriver" time="0.0" classname="Tests.testBase">
    <ignored/>
  </testcase> <!-- @AfterSuite stopDriver -->
  <testcase name="@AfterSuite stopDriver" time="0.0" classname="Tests.testBase">
    <ignored/>
  </testcase> <!-- @AfterSuite stopDriver -->
  <testcase name="@BeforeSuite startDriver" time="0.0" classname="Tests.testBase">
    <ignored/>
  </testcase> <!-- @BeforeSuite startDriver -->
  <testcase name="@BeforeSuite startDriver" time="0.0" classname="Tests.testBase">
    <ignored/>
  </testcase> <!-- @BeforeSuite startDriver -->
</testsuite> <!-- Regression test -->
