<?xml version="1.0" encoding="UTF-8"?>
<testng-results skipped="0" failed="0" ignored="4" total="9" passed="5">
  <reporter-output>
  </reporter-output>
  <suite name="Default suite" duration-ms="31233" started-at="2021-03-17T00:08:56 EET" finished-at="2021-03-17T00:09:27 EET">
    <groups>
    </groups>
    <test name="Regression test" duration-ms="31233" started-at="2021-03-17T00:08:56 EET" finished-at="2021-03-17T00:09:27 EET">
      <class name="Tests.logoutTest">
        <test-method status="PASS" signature="userLogout()[pri:1, instance:Tests.logoutTest@9a7504c]" name="userLogout" duration-ms="7265" started-at="2021-03-17T00:09:20 EET" finished-at="2021-03-17T00:09:27 EET">
          <reporter-output>
          </reporter-output>
        </test-method> <!-- userLogout -->
      </class> <!-- Tests.logoutTest -->
      <class name="Tests.loginTest">
        <test-method status="PASS" signature="startDriver(java.lang.String)[pri:0, instance:Tests.loginTest@1d8d30f7]" name="startDriver" is-config="true" duration-ms="10472" started-at="2021-03-17T00:08:46 EET" finished-at="2021-03-17T00:08:56 EET">
          <params>
            <param index="0">
              <value>
                <![CDATA[chrome]]>
              </value>
            </param>
          </params>
          <reporter-output>
          </reporter-output>
        </test-method> <!-- startDriver -->
        <test-method status="PASS" signature="userLoginWithInvalidMail()[pri:1, instance:Tests.loginTest@1d8d30f7]" name="userLoginWithInvalidMail" duration-ms="7277" started-at="2021-03-17T00:08:56 EET" finished-at="2021-03-17T00:09:03 EET">
          <reporter-output>
          </reporter-output>
        </test-method> <!-- userLoginWithInvalidMail -->
        <test-method status="PASS" signature="userLoginWithInvalidPassword()[pri:0, instance:Tests.loginTest@1d8d30f7]" name="userLoginWithInvalidPassword" duration-ms="5833" started-at="2021-03-17T00:09:03 EET" depends-on-methods="Tests.loginTest.userLoginWithInvalidMail" finished-at="2021-03-17T00:09:09 EET">
          <reporter-output>
          </reporter-output>
        </test-method> <!-- userLoginWithInvalidPassword -->
        <test-method status="PASS" signature="userLoginSuccessfully()[pri:0, instance:Tests.loginTest@1d8d30f7]" name="userLoginSuccessfully" duration-ms="4151" started-at="2021-03-17T00:09:09 EET" depends-on-methods="Tests.loginTest.userLoginWithInvalidPassword" finished-at="2021-03-17T00:09:13 EET">
          <reporter-output>
          </reporter-output>
        </test-method> <!-- userLoginSuccessfully -->
        <test-method status="PASS" signature="stopDriver()[pri:0, instance:Tests.loginTest@1d8d30f7]" name="stopDriver" is-config="true" duration-ms="2456" started-at="2021-03-17T00:09:27 EET" finished-at="2021-03-17T00:09:30 EET">
          <reporter-output>
          </reporter-output>
        </test-method> <!-- stopDriver -->
      </class> <!-- Tests.loginTest -->
      <class name="Tests.postTweetTest">
        <test-method status="PASS" signature="userPostTweet()[pri:1, instance:Tests.postTweetTest@3e57cd70]" name="userPostTweet" duration-ms="6562" started-at="2021-03-17T00:09:13 EET" finished-at="2021-03-17T00:09:20 EET">
          <reporter-output>
          </reporter-output>
        </test-method> <!-- userPostTweet -->
      </class> <!-- Tests.postTweetTest -->
    </test> <!-- Regression test -->
  </suite> <!-- Default suite -->
</testng-results>
